2022-07-24 11:19:40.835 INFO  com.jiawa.wiki.WikiApplication                    :55   [32m                  [0;39m Starting WikiApplication using Java 1.8.0_211 on DESKTOP-EVAE4DG with PID 11720 (E:\è§†é¢‘è¯¾ç¨‹æ–‡æ¡£\æ…•è¯¾ç½‘\å‰åç«¯åˆ†ç¦»å®æˆ˜wikiçŸ¥è¯†åº“ç³»ç»Ÿ\wiki\target\classes started by kddxnm in E:\è§†é¢‘è¯¾ç¨‹æ–‡æ¡£\æ…•è¯¾ç½‘\å‰åç«¯åˆ†ç¦»å®æˆ˜wikiçŸ¥è¯†åº“ç³»ç»Ÿ\wiki)
2022-07-24 11:19:40.840 INFO  com.jiawa.wiki.WikiApplication                    :660  [32m                  [0;39m No active profile set, falling back to default profiles: default
2022-07-24 11:19:42.369 INFO  o.s.boot.web.embedded.tomcat.TomcatWebServer      :108  [32m                  [0;39m Tomcat initialized with port(s): 8080 (http)
2022-07-24 11:19:42.382 INFO  org.apache.coyote.http11.Http11NioProtocol        :173  [32m                  [0;39m Initializing ProtocolHandler ["http-nio-8080"]
2022-07-24 11:19:42.383 INFO  org.apache.catalina.core.StandardService          :173  [32m                  [0;39m Starting service [Tomcat]
2022-07-24 11:19:42.384 INFO  org.apache.catalina.core.StandardEngine           :173  [32m                  [0;39m Starting Servlet engine: [Apache Tomcat/9.0.39]
2022-07-24 11:19:42.480 INFO  o.a.c.core.ContainerBase.[Tomcat].[localhost].[/] :173  [32m                  [0;39m Initializing Spring embedded WebApplicationContext
2022-07-24 11:19:42.480 INFO  o.s.b.w.s.c.ServletWebServerApplicationContext    :289  [32m                  [0;39m Root WebApplicationContext: initialization completed in 1534 ms
2022-07-24 11:19:42.733 INFO  o.s.scheduling.concurrent.ThreadPoolTaskExecutor  :181  [32m                  [0;39m Initializing ExecutorService 'applicationTaskExecutor'
2022-07-24 11:19:42.903 INFO  org.apache.coyote.http11.Http11NioProtocol        :173  [32m                  [0;39m Starting ProtocolHandler ["http-nio-8080"]
2022-07-24 11:19:42.925 INFO  o.s.boot.web.embedded.tomcat.TomcatWebServer      :220  [32m                  [0;39m Tomcat started on port(s): 8080 (http) with context path ''
2022-07-24 11:19:42.939 INFO  com.jiawa.wiki.WikiApplication                    :61   [32m                  [0;39m Started WikiApplication in 2.86 seconds (JVM running for 5.117)
2022-07-24 11:46:21.893 INFO  com.jiawa.wiki.WikiApplication                    :55   [32m                  [0;39m Starting WikiApplication using Java 1.8.0_211 on DESKTOP-EVAE4DG with PID 2792 (E:\è§†é¢‘è¯¾ç¨‹æ–‡æ¡£\æ…•è¯¾ç½‘\å‰åç«¯åˆ†ç¦»å®æˆ˜wikiçŸ¥è¯†åº“ç³»ç»Ÿ\wiki\target\classes started by kddxnm in E:\è§†é¢‘è¯¾ç¨‹æ–‡æ¡£\æ…•è¯¾ç½‘\å‰åç«¯åˆ†ç¦»å®æˆ˜wikiçŸ¥è¯†åº“ç³»ç»Ÿ\wiki)
2022-07-24 11:46:21.913 INFO  com.jiawa.wiki.WikiApplication                    :660  [32m                  [0;39m No active profile set, falling back to default profiles: default
2022-07-24 11:46:23.198 INFO  o.s.boot.web.embedded.tomcat.TomcatWebServer      :108  [32m                  [0;39m Tomcat initialized with port(s): 8080 (http)
2022-07-24 11:46:23.210 INFO  org.apache.coyote.http11.Http11NioProtocol        :173  [32m                  [0;39m Initializing ProtocolHandler ["http-nio-8080"]
2022-07-24 11:46:23.211 INFO  org.apache.catalina.core.StandardService          :173  [32m                  [0;39m Starting service [Tomcat]
2022-07-24 11:46:23.212 INFO  org.apache.catalina.core.StandardEngine           :173  [32m                  [0;39m Starting Servlet engine: [Apache Tomcat/9.0.39]
2022-07-24 11:46:23.309 INFO  o.a.c.core.ContainerBase.[Tomcat].[localhost].[/] :173  [32m                  [0;39m Initializing Spring embedded WebApplicationContext
2022-07-24 11:46:23.309 INFO  o.s.b.w.s.c.ServletWebServerApplicationContext    :289  [32m                  [0;39m Root WebApplicationContext: initialization completed in 1327 ms
2022-07-24 11:46:23.552 INFO  o.s.scheduling.concurrent.ThreadPoolTaskExecutor  :181  [32m                  [0;39m Initializing ExecutorService 'applicationTaskExecutor'
2022-07-24 11:46:23.717 INFO  org.apache.coyote.http11.Http11NioProtocol        :173  [32m                  [0;39m Starting ProtocolHandler ["http-nio-8080"]
2022-07-24 11:46:23.740 INFO  o.s.boot.web.embedded.tomcat.TomcatWebServer      :220  [32m                  [0;39m Tomcat started on port(s): 8080 (http) with context path ''
2022-07-24 11:46:23.752 INFO  com.jiawa.wiki.WikiApplication                    :61   [32m                  [0;39m Started WikiApplication in 2.64 seconds (JVM running for 4.139)
2022-07-24 11:46:23.755 INFO  com.jiawa.wiki.WikiApplication                    :19   [32m                  [0;39m å¯åŠ¨æˆåŠŸ
2022-07-24 11:46:23.755 INFO  com.jiawa.wiki.WikiApplication                    :20   [32m                  [0;39m åœ°å€:	http://127.0.0.1:null
2022-07-24 11:48:01.536 INFO  com.jiawa.wiki.WikiApplication                    :55   [32m                  [0;39m Starting WikiApplication using Java 1.8.0_211 on DESKTOP-EVAE4DG with PID 9584 (E:\è§†é¢‘è¯¾ç¨‹æ–‡æ¡£\æ…•è¯¾ç½‘\å‰åç«¯åˆ†ç¦»å®æˆ˜wikiçŸ¥è¯†åº“ç³»ç»Ÿ\wiki\target\classes started by kddxnm in E:\è§†é¢‘è¯¾ç¨‹æ–‡æ¡£\æ…•è¯¾ç½‘\å‰åç«¯åˆ†ç¦»å®æˆ˜wikiçŸ¥è¯†åº“ç³»ç»Ÿ\wiki)
2022-07-24 11:48:01.542 INFO  com.jiawa.wiki.WikiApplication                    :660  [32m                  [0;39m No active profile set, falling back to default profiles: default
2022-07-24 11:48:03.259 INFO  o.s.boot.web.embedded.tomcat.TomcatWebServer      :108  [32m                  [0;39m Tomcat initialized with port(s): 8080 (http)
2022-07-24 11:48:03.271 INFO  org.apache.coyote.http11.Http11NioProtocol        :173  [32m                  [0;39m Initializing ProtocolHandler ["http-nio-8080"]
2022-07-24 11:48:03.272 INFO  org.apache.catalina.core.StandardService          :173  [32m                  [0;39m Starting service [Tomcat]
2022-07-24 11:48:03.273 INFO  org.apache.catalina.core.StandardEngine           :173  [32m                  [0;39m Starting Servlet engine: [Apache Tomcat/9.0.39]
2022-07-24 11:48:03.382 INFO  o.a.c.core.ContainerBase.[Tomcat].[localhost].[/] :173  [32m                  [0;39m Initializing Spring embedded WebApplicationContext
2022-07-24 11:48:03.382 INFO  o.s.b.w.s.c.ServletWebServerApplicationContext    :289  [32m                  [0;39m Root WebApplicationContext: initialization completed in 1748 ms
2022-07-24 11:48:03.676 INFO  o.s.scheduling.concurrent.ThreadPoolTaskExecutor  :181  [32m                  [0;39m Initializing ExecutorService 'applicationTaskExecutor'
2022-07-24 11:48:03.871 INFO  org.apache.coyote.http11.Http11NioProtocol        :173  [32m                  [0;39m Starting ProtocolHandler ["http-nio-8080"]
2022-07-24 11:48:03.896 INFO  o.s.boot.web.embedded.tomcat.TomcatWebServer      :220  [32m                  [0;39m Tomcat started on port(s): 8080 (http) with context path ''
2022-07-24 11:48:03.908 INFO  com.jiawa.wiki.WikiApplication                    :61   [32m                  [0;39m Started WikiApplication in 3.345 seconds (JVM running for 5.262)
2022-07-24 11:48:03.912 INFO  com.jiawa.wiki.WikiApplication                    :19   [32m                  [0;39m å¯åŠ¨æˆåŠŸ
2022-07-24 11:48:03.912 INFO  com.jiawa.wiki.WikiApplication                    :20   [32m                  [0;39m åœ°å€:	http://127.0.0.1:8080
